SF:lib/utils/gaia/rwcp/rwcp.dart
DA:30,4
DA:32,4
DA:34,4
DA:36,4
DA:38,1
DA:41,0
LF:6
LH:5
end_of_record
SF:lib/utils/gaia/rwcp/segment.dart
DA:51,3
DA:53,3
DA:54,3
DA:55,3
DA:56,6
DA:57,9
DA:62,2
DA:63,2
DA:64,2
DA:65,2
DA:66,2
DA:68,4
DA:69,1
DA:70,1
DA:71,1
DA:72,1
DA:74,2
DA:75,2
DA:77,2
DA:79,2
DA:81,2
DA:82,2
DA:83,2
DA:84,2
DA:85,2
DA:86,2
DA:100,3
DA:101,3
DA:102,6
DA:103,9
DA:104,9
DA:106,3
DA:107,9
DA:111,3
DA:126,2
DA:127,6
DA:128,4
DA:131,1
DA:133,5
DA:136,3
DA:137,3
DA:140,2
DA:141,2
DA:144,3
DA:145,3
DA:148,2
DA:149,2
LF:47
LH:47
end_of_record
SF:lib/utils/string_utils.dart
DA:8,1
DA:10,1
DA:13,2
DA:18,4
DA:20,12
DA:21,11
DA:22,3
DA:23,15
DA:24,12
DA:26,4
DA:29,2
DA:30,6
DA:31,1
DA:33,2
DA:34,6
DA:35,4
DA:36,4
DA:42,2
DA:43,4
DA:46,1
DA:47,1
DA:50,1
DA:51,2
DA:53,1
DA:54,6
DA:72,4
DA:74,8
DA:78,8
DA:81,4
DA:82,4
DA:83,1
DA:86,12
DA:87,16
DA:88,4
DA:94,1
DA:95,2
DA:96,1
DA:97,2
DA:100,5
DA:101,10
DA:102,5
DA:103,5
DA:106,4
DA:107,24
LF:44
LH:44
end_of_record
SF:lib/utils/gaia/rwcp/rwcp_client.dart
DA:65,6
DA:67,2
DA:68,4
DA:71,1
DA:72,1
DA:73,3
DA:76,2
DA:77,4
DA:78,4
DA:79,2
DA:80,5
DA:81,1
DA:88,1
DA:89,1
DA:91,2
DA:92,2
DA:96,1
DA:98,1
DA:99,2
DA:100,1
DA:104,2
DA:106,2
DA:110,4
DA:114,1
DA:115,3
DA:117,2
DA:122,1
DA:123,1
DA:124,2
DA:125,0
DA:126,0
DA:130,3
DA:133,1
DA:134,0
DA:135,1
DA:136,1
DA:137,0
DA:139,0
DA:140,0
DA:141,0
DA:143,0
DA:148,1
DA:149,1
DA:152,2
DA:153,4
DA:155,4
DA:156,1
DA:157,2
DA:163,6
DA:164,3
DA:168,1
DA:169,1
DA:170,1
DA:174,2
DA:175,2
DA:178,2
DA:179,4
DA:181,4
DA:182,1
DA:183,2
DA:189,4
DA:190,3
DA:194,2
DA:195,2
DA:196,2
DA:200,1
DA:201,3
DA:202,0
DA:203,0
DA:204,0
DA:209,1
DA:210,1
DA:211,2
DA:212,2
DA:215,1
DA:216,1
DA:217,1
DA:218,2
DA:219,1
DA:223,1
DA:225,1
DA:226,2
DA:227,1
DA:229,1
DA:230,2
DA:233,1
DA:235,1
DA:236,2
DA:237,1
DA:238,2
DA:240,1
DA:241,2
DA:243,1
DA:244,2
DA:248,2
DA:254,2
DA:255,4
DA:260,1
DA:262,1
DA:263,2
DA:264,1
DA:266,2
DA:267,3
DA:268,2
DA:269,1
DA:274,4
DA:275,4
DA:277,48
DA:278,8
DA:282,2
DA:283,2
DA:285,4
DA:286,2
DA:293,2
DA:297,2
DA:298,1
DA:303,1
DA:304,1
DA:305,1
DA:308,2
DA:309,4
DA:315,2
DA:316,2
DA:317,4
DA:318,2
DA:320,4
DA:321,6
DA:322,4
DA:323,2
DA:328,2
DA:329,2
DA:330,4
DA:331,2
DA:338,2
DA:339,2
DA:340,2
DA:343,2
DA:344,7
DA:345,1
DA:349,1
DA:350,1
DA:351,1
DA:352,1
DA:353,1
DA:354,1
DA:356,1
DA:357,2
DA:360,2
DA:362,2
DA:363,2
DA:364,1
DA:367,1
DA:370,1
DA:375,1
DA:376,2
DA:377,1
DA:378,1
DA:382,1
DA:383,2
DA:386,1
DA:387,0
DA:389,0
DA:391,0
DA:392,0
DA:393,0
DA:395,1
DA:397,1
DA:400,1
DA:401,2
DA:402,1
DA:403,1
DA:407,1
DA:408,2
DA:409,1
DA:414,4
DA:415,2
DA:416,2
DA:417,0
DA:418,0
DA:419,0
DA:421,2
DA:422,1
DA:428,3
DA:431,2
DA:432,2
DA:433,2
DA:434,2
DA:437,1
DA:439,1
DA:441,2
DA:442,1
DA:446,1
DA:447,2
DA:448,2
DA:449,1
DA:450,2
DA:451,2
DA:453,2
DA:454,2
DA:456,1
DA:457,2
DA:458,1
DA:460,1
DA:461,2
DA:465,2
DA:466,2
DA:467,3
DA:468,2
DA:470,1
DA:473,2
DA:474,6
DA:477,1
DA:478,4
DA:479,1
DA:482,3
DA:483,6
DA:484,3
DA:485,3
DA:486,6
DA:487,6
DA:488,3
DA:489,3
DA:490,3
DA:491,6
DA:492,3
DA:494,6
DA:496,3
DA:499,3
DA:500,3
DA:501,4
DA:502,2
DA:506,1
DA:507,1
DA:508,4
DA:511,1
DA:512,1
DA:514,1
DA:515,1
DA:516,1
DA:517,1
DA:518,1
DA:519,2
DA:520,0
DA:523,2
DA:524,2
DA:525,1
DA:526,2
DA:527,1
DA:531,1
DA:533,1
DA:534,2
DA:535,1
DA:542,2
DA:543,4
DA:548,1
DA:549,1
DA:551,1
DA:552,3
DA:556,1
DA:557,1
DA:558,2
DA:565,1
DA:566,1
DA:567,2
DA:569,1
DA:571,1
DA:576,1
DA:577,1
DA:578,1
DA:579,1
DA:580,1
DA:581,3
DA:582,2
DA:584,1
DA:586,0
DA:587,0
DA:595,2
DA:599,1
DA:604,1
DA:605,2
DA:606,2
DA:608,1
DA:609,5
DA:610,4
DA:611,1
DA:614,1
DA:615,1
DA:618,2
DA:619,1
DA:620,1
DA:623,2
DA:624,2
DA:625,2
DA:626,2
DA:627,2
DA:628,2
DA:629,0
DA:634,1
DA:636,2
DA:637,4
DA:643,2
DA:646,2
DA:647,1
DA:651,1
DA:652,2
DA:653,6
DA:654,1
DA:655,2
DA:656,2
DA:657,3
DA:661,2
DA:662,2
DA:663,8
DA:666,2
DA:667,2
DA:668,1
DA:669,1
DA:670,1
DA:671,1
DA:672,1
DA:673,4
DA:674,1
DA:675,4
DA:677,1
DA:678,1
DA:679,1
DA:681,0
DA:684,2
DA:686,2
DA:690,2
DA:692,1
DA:693,2
DA:694,2
DA:701,4
DA:702,8
DA:707,1
DA:708,1
DA:709,4
DA:712,1
DA:713,1
DA:714,3
DA:715,2
DA:716,3
DA:719,3
DA:722,1
DA:724,1
DA:725,1
DA:728,1
DA:729,1
DA:732,1
DA:734,1
DA:735,2
DA:736,2
DA:743,2
DA:744,4
DA:749,1
DA:750,5
DA:751,5
DA:752,1
DA:755,1
DA:756,2
DA:758,3
DA:763,3
DA:764,3
DA:765,3
LF:365
LH:341
end_of_record
SF:lib/utils/log.dart
DA:20,6
DA:22,1
DA:23,3
DA:26,1
DA:28,1
DA:30,1
DA:32,1
DA:34,1
DA:40,4
DA:43,10
DA:46,2
DA:49,10
LF:12
LH:12
end_of_record
SF:lib/utils/gaia/vmu_packet.dart
DA:18,3
DA:21,4
DA:30,9
DA:32,4
DA:33,4
DA:34,4
DA:36,4
DA:41,3
DA:42,3
DA:43,9
DA:44,3
DA:45,12
DA:46,9
DA:47,3
DA:48,1
DA:49,1
DA:51,3
DA:52,1
DA:53,1
DA:55,3
DA:56,9
DA:57,3
DA:62,3
DA:64,3
DA:65,6
DA:66,15
DA:67,9
LF:27
LH:27
end_of_record
SF:lib/utils/gaia/gaia_packet_ble.dart
DA:12,3
DA:13,6
DA:24,4
DA:26,4
DA:30,1
DA:34,1
DA:35,1
DA:36,3
DA:39,2
DA:46,1
DA:47,3
DA:53,1
DA:57,3
DA:58,1
DA:59,3
DA:62,2
DA:75,3
DA:76,3
DA:77,1
DA:79,12
DA:80,3
DA:84,1
DA:87,1
DA:88,1
DA:89,1
DA:90,1
DA:93,1
DA:116,9
DA:119,0
DA:121,3
DA:122,9
DA:123,3
DA:126,3
DA:128,3
DA:130,3
DA:131,3
DA:132,9
DA:135,3
DA:136,3
DA:140,3
DA:141,3
DA:142,9
DA:143,6
DA:145,3
DA:151,1
DA:152,1
LF:46
LH:45
end_of_record
SF:lib/controller/gaia_command_builder.dart
DA:28,1
DA:29,4
DA:33,1
DA:35,1
DA:42,3
DA:43,9
DA:44,9
DA:45,3
DA:49,6
DA:52,6
DA:55,4
DA:60,6
DA:64,6
DA:68,6
DA:72,6
DA:78,2
DA:79,2
DA:82,4
DA:86,4
DA:92,2
DA:94,2
DA:96,2
DA:98,2
DA:100,2
DA:102,2
DA:104,2
DA:106,2
DA:108,1
DA:116,3
DA:117,6
DA:120,6
DA:123,6
DA:126,6
DA:129,4
DA:132,4
DA:135,4
DA:139,2
DA:141,2
DA:143,2
DA:145,1
DA:147,1
DA:155,2
DA:157,2
DA:159,2
DA:167,1
DA:169,1
DA:171,1
LF:47
LH:47
end_of_record
SF:lib/controller/upgrade_state_machine.dart
DA:66,1
DA:72,1
DA:73,1
DA:76,1
DA:77,1
DA:110,5
DA:113,3
DA:114,3
DA:115,6
DA:116,3
DA:117,3
DA:118,3
DA:119,3
DA:123,2
DA:124,2
DA:125,2
DA:126,2
DA:127,2
DA:132,3
DA:137,3
DA:138,3
DA:139,2
DA:141,3
DA:142,2
DA:144,3
DA:145,1
DA:147,3
DA:148,1
DA:150,3
DA:151,1
DA:153,3
DA:154,1
DA:156,3
DA:157,3
DA:159,1
DA:160,1
DA:162,1
DA:163,1
DA:169,2
DA:170,2
DA:171,4
DA:172,2
DA:173,6
DA:174,2
DA:175,0
DA:177,2
DA:180,2
DA:181,1
DA:183,4
DA:185,2
DA:187,2
DA:188,4
DA:192,2
DA:193,2
DA:194,2
DA:195,1
DA:196,2
DA:200,2
DA:201,2
DA:202,2
DA:203,2
DA:207,1
DA:208,2
DA:209,4
DA:210,2
DA:212,2
DA:213,2
DA:214,1
DA:215,2
DA:219,1
DA:220,2
DA:225,1
DA:226,1
DA:227,3
DA:231,2
DA:232,2
DA:233,2
DA:234,2
DA:236,2
DA:237,2
DA:239,2
DA:240,2
DA:242,2
DA:243,1
DA:245,1
DA:246,2
DA:250,2
DA:251,2
DA:252,2
DA:253,4
DA:259,1
DA:260,1
DA:261,2
DA:262,2
DA:263,1
DA:268,5
DA:269,5
DA:270,2
DA:271,2
DA:273,3
DA:274,2
DA:278,1
DA:279,2
DA:280,1
DA:284,1
DA:285,1
DA:286,2
DA:287,2
DA:288,1
DA:294,1
DA:295,2
DA:297,1
DA:298,1
DA:299,3
DA:301,1
DA:302,2
DA:303,2
DA:304,1
DA:305,2
DA:306,1
DA:307,2
DA:309,1
DA:310,4
DA:315,1
DA:316,2
DA:317,1
DA:318,2
DA:319,1
DA:320,4
DA:321,2
DA:325,1
DA:326,2
DA:330,1
DA:331,2
DA:335,3
DA:336,6
DA:337,3
DA:338,3
DA:339,6
DA:343,1
DA:344,2
DA:345,1
DA:346,1
DA:347,2
DA:351,1
DA:352,1
DA:353,2
DA:354,2
DA:358,1
DA:359,1
DA:360,2
DA:364,2
DA:365,2
DA:366,2
DA:367,1
DA:368,1
DA:369,1
DA:371,1
DA:372,2
DA:374,2
DA:375,1
DA:376,1
DA:381,3
DA:382,3
DA:386,1
DA:387,5
DA:391,1
DA:395,0
DA:396,0
DA:399,2
DA:400,5
LF:171
LH:168
end_of_record
SF:lib/controller/log_buffer.dart
DA:37,5
DA:45,4
DA:47,8
DA:49,4
DA:50,8
DA:51,4
DA:52,4
DA:53,8
DA:54,4
DA:58,6
DA:59,2
DA:60,1
DA:64,3
DA:65,3
DA:66,3
DA:67,6
DA:68,3
DA:72,2
DA:73,4
DA:74,4
DA:75,2
DA:76,2
DA:80,3
DA:81,6
DA:82,3
DA:86,4
DA:87,4
DA:88,4
DA:89,4
DA:93,4
DA:94,8
DA:95,5
DA:96,1
DA:101,4
DA:102,4
DA:105,4
DA:106,6
DA:107,12
DA:111,3
DA:112,3
DA:113,3
DA:114,6
DA:117,3
DA:118,6
DA:119,9
DA:121,12
DA:122,3
DA:123,9
DA:124,6
DA:127,3
DA:128,4
LF:51
LH:51
end_of_record
SF:lib/controller/ble_connection_manager.dart
DA:53,0
DA:55,0
DA:56,0
DA:58,0
DA:64,0
DA:71,0
DA:77,0
DA:85,0
DA:87,0
DA:90,0
DA:92,0
DA:95,0
DA:98,0
DA:101,0
DA:106,0
DA:109,0
DA:114,0
DA:118,0
DA:120,0
DA:210,5
DA:223,0
DA:228,0
DA:229,0
DA:236,2
DA:237,2
DA:238,9
DA:240,1
DA:241,1
DA:243,1
DA:244,1
DA:246,1
DA:247,1
DA:250,1
DA:257,1
DA:258,2
DA:259,2
DA:261,1
DA:262,2
DA:263,0
DA:268,0
DA:270,1
DA:271,1
DA:272,0
DA:273,1
DA:274,0
DA:275,1
DA:276,1
DA:279,1
DA:280,1
DA:283,1
DA:284,1
DA:288,1
DA:289,2
DA:290,0
DA:291,1
DA:292,1
DA:297,1
DA:298,1
DA:300,0
DA:303,3
DA:304,2
DA:306,2
DA:307,2
DA:308,6
DA:309,1
DA:310,2
DA:312,2
DA:315,1
DA:316,2
DA:320,2
DA:326,0
DA:327,0
DA:328,0
DA:336,1
DA:342,2
DA:343,2
DA:344,1
DA:345,2
DA:346,1
DA:347,1
DA:348,1
DA:349,1
DA:350,1
DA:351,1
DA:352,1
DA:354,2
DA:355,2
DA:356,1
DA:358,2
DA:359,2
DA:362,1
DA:363,1
DA:364,1
DA:365,1
DA:366,1
DA:367,3
DA:368,2
DA:369,1
DA:370,1
DA:371,1
DA:372,1
DA:373,2
DA:374,1
DA:375,3
DA:376,1
DA:378,1
DA:381,1
DA:382,2
DA:383,2
DA:385,1
DA:386,2
DA:389,1
DA:390,2
DA:391,1
DA:392,1
DA:397,1
DA:402,1
DA:403,3
DA:404,2
DA:407,1
DA:408,1
DA:409,2
DA:412,2
DA:418,3
DA:419,3
DA:421,3
DA:426,1
DA:428,2
DA:429,2
DA:430,1
DA:433,2
DA:434,2
DA:435,1
DA:436,2
DA:437,1
DA:443,2
DA:449,1
DA:450,2
DA:451,3
DA:459,1
DA:460,1
DA:461,2
DA:462,1
DA:465,2
DA:466,1
DA:469,1
DA:470,1
DA:471,1
DA:472,1
DA:474,1
DA:475,4
DA:476,1
DA:477,1
DA:478,2
DA:482,2
DA:488,1
DA:489,1
DA:490,2
DA:491,1
DA:494,2
DA:495,1
DA:498,1
DA:499,1
DA:500,1
DA:501,1
DA:503,1
DA:504,4
DA:505,1
DA:506,1
DA:507,2
DA:511,2
DA:517,1
DA:518,2
DA:519,1
DA:523,1
DA:524,1
DA:525,1
DA:526,1
DA:527,1
DA:528,2
DA:532,1
DA:533,1
DA:534,1
DA:535,1
DA:536,1
DA:537,2
DA:541,1
DA:542,3
DA:546,4
DA:547,4
DA:548,4
DA:549,4
DA:550,4
DA:551,4
DA:552,4
DA:553,4
DA:554,4
DA:558,3
DA:559,5
DA:560,4
DA:561,4
DA:562,4
DA:563,4
DA:564,4
DA:568,1
DA:569,2
LF:206
LH:175
end_of_record
SF:lib/utils/ble_constants.dart
DA:4,10
DA:5,5
DA:6,10
DA:7,5
DA:8,10
DA:9,5
DA:10,10
DA:11,5
DA:13,0
LF:9
LH:8
end_of_record
SF:lib/controller/ota_server.dart
DA:185,4
DA:194,0
DA:195,0
DA:196,0
DA:199,3
DA:201,4
DA:203,4
DA:205,12
DA:206,8
DA:207,8
DA:208,0
DA:209,0
DA:210,0
DA:211,0
DA:212,0
DA:215,0
DA:218,12
DA:219,4
DA:220,8
DA:221,8
DA:222,4
DA:223,8
DA:224,13
DA:225,1
DA:226,1
DA:227,2
DA:228,2
DA:230,2
DA:231,4
DA:232,2
DA:233,3
DA:234,2
DA:235,2
DA:240,4
DA:242,16
DA:244,0
DA:248,1
DA:249,1
DA:250,1
DA:251,1
DA:254,2
DA:255,2
DA:258,1
DA:259,2
DA:262,3
DA:263,6
DA:264,3
DA:267,2
DA:268,4
DA:271,2
DA:273,4
DA:274,4
DA:275,2
DA:276,4
DA:277,4
DA:278,4
DA:279,4
DA:280,2
DA:281,4
DA:283,1
DA:284,2
DA:285,2
DA:286,2
DA:287,1
DA:288,2
DA:289,2
DA:291,2
DA:292,2
DA:293,4
DA:294,1
DA:295,1
DA:296,2
DA:297,2
DA:300,1
DA:301,2
DA:302,2
DA:303,2
DA:304,2
DA:305,1
DA:306,2
DA:307,2
DA:308,2
DA:309,1
DA:312,1
DA:313,2
DA:314,2
DA:315,2
DA:316,2
DA:317,2
DA:318,2
DA:322,2
DA:323,2
DA:324,2
DA:325,2
DA:326,2
DA:327,2
DA:331,2
DA:332,4
DA:333,2
DA:334,2
DA:338,2
DA:340,2
DA:341,2
DA:344,1
DA:345,4
DA:349,6
DA:350,6
DA:351,6
DA:352,6
DA:353,1
DA:354,2
DA:355,1
DA:356,2
DA:358,3
DA:359,3
DA:360,3
DA:362,1
DA:363,2
DA:364,1
DA:365,4
DA:368,2
DA:369,4
DA:372,4
DA:373,4
DA:374,5
DA:376,2
DA:378,4
DA:379,2
DA:380,1
DA:383,2
DA:384,8
DA:385,4
DA:386,2
DA:387,1
DA:388,1
DA:389,1
DA:393,2
DA:394,1
DA:399,2
DA:400,5
DA:401,3
DA:402,1
DA:405,2
DA:406,4
DA:407,1
DA:411,1
DA:412,1
DA:413,1
DA:416,2
DA:418,5
DA:420,4
DA:421,1
DA:425,2
DA:426,4
DA:427,1
DA:430,4
DA:431,4
DA:432,2
DA:433,4
DA:434,2
DA:435,4
DA:436,2
DA:437,5
DA:438,3
DA:440,2
DA:441,4
DA:442,4
DA:443,2
DA:444,3
DA:445,2
DA:446,2
DA:447,2
DA:448,2
DA:449,4
DA:450,2
DA:451,2
DA:453,2
DA:456,1
DA:457,2
DA:458,1
DA:461,1
DA:462,2
DA:463,1
DA:465,1
DA:466,2
DA:467,1
DA:468,1
DA:469,1
DA:472,1
DA:473,2
DA:474,1
DA:475,1
DA:476,1
DA:477,1
DA:483,1
DA:484,1
DA:485,1
DA:487,3
DA:490,2
DA:491,4
DA:494,1
DA:497,1
DA:498,1
DA:499,1
DA:500,1
DA:501,1
DA:502,1
DA:504,1
DA:505,1
DA:506,1
DA:507,1
DA:510,1
DA:511,1
DA:512,2
DA:513,2
DA:515,1
DA:519,1
DA:520,1
DA:521,2
DA:522,1
DA:523,1
DA:527,1
DA:528,1
DA:529,0
DA:532,1
DA:533,1
DA:534,1
DA:540,1
DA:541,1
DA:542,1
DA:543,1
DA:548,1
DA:549,2
DA:550,1
DA:551,3
DA:552,1
DA:553,2
DA:554,2
DA:556,1
DA:557,1
DA:558,1
DA:559,3
DA:563,1
DA:564,1
DA:565,0
DA:566,0
DA:567,0
DA:571,1
DA:572,1
DA:573,0
DA:574,0
DA:575,1
DA:576,2
DA:582,1
DA:583,3
DA:584,2
DA:585,1
DA:586,1
DA:591,2
DA:592,2
DA:595,2
DA:596,4
DA:597,2
DA:599,6
DA:600,4
DA:603,1
DA:604,2
DA:605,2
DA:606,1
DA:607,1
DA:609,1
DA:615,2
DA:616,4
DA:617,2
DA:618,2
DA:619,2
DA:622,2
DA:624,2
DA:625,2
DA:626,2
DA:627,2
DA:628,2
DA:629,2
DA:630,2
DA:631,4
DA:632,4
DA:634,1
DA:636,2
DA:637,2
DA:638,4
DA:639,4
DA:640,2
DA:641,2
DA:643,4
DA:644,2
DA:645,1
DA:646,1
DA:650,1
DA:651,2
DA:652,1
DA:653,2
DA:654,2
DA:656,1
DA:657,1
DA:658,1
DA:659,2
DA:662,2
DA:663,2
DA:664,2
DA:667,4
DA:668,2
DA:669,3
DA:673,1
DA:676,1
DA:678,1
DA:681,3
DA:682,2
DA:683,1
DA:684,1
DA:687,1
DA:688,1
DA:689,1
DA:690,1
DA:691,1
DA:692,3
DA:693,1
DA:694,2
DA:697,1
DA:698,2
DA:699,1
DA:700,1
DA:703,2
DA:704,1
DA:705,2
DA:706,2
DA:707,2
DA:708,1
DA:710,3
DA:711,2
DA:712,1
DA:713,2
DA:714,1
DA:715,2
DA:718,1
DA:719,3
DA:722,1
DA:723,3
DA:724,0
DA:727,5
DA:728,0
DA:729,1
DA:730,4
DA:731,1
DA:732,1
DA:733,1
DA:734,2
DA:737,1
DA:738,1
DA:741,1
DA:742,3
DA:743,1
DA:744,2
DA:745,1
DA:746,5
DA:748,1
DA:751,1
DA:752,1
DA:753,1
DA:754,2
DA:757,1
DA:758,2
DA:759,1
DA:762,1
DA:763,1
DA:764,1
DA:765,1
DA:766,2
DA:767,1
DA:768,3
DA:769,2
DA:772,1
DA:773,1
DA:777,1
DA:778,1
DA:779,1
DA:780,2
DA:781,1
DA:784,1
DA:785,1
DA:786,1
DA:789,1
DA:790,2
DA:791,1
DA:792,1
DA:793,4
DA:796,1
DA:797,1
DA:798,2
DA:799,1
DA:800,2
DA:801,1
DA:803,1
DA:808,3
DA:809,1
DA:810,2
DA:812,1
DA:817,1
DA:818,1
DA:821,2
DA:822,2
DA:823,1
DA:826,1
DA:827,1
DA:828,1
DA:829,1
DA:830,1
DA:831,2
DA:832,2
DA:833,2
DA:834,1
DA:835,3
DA:836,1
DA:839,2
DA:843,1
DA:844,1
DA:847,2
DA:848,1
DA:849,1
DA:850,1
DA:851,1
DA:852,2
DA:853,1
DA:854,1
DA:855,1
DA:856,1
DA:859,1
DA:860,2
DA:861,1
DA:862,1
DA:863,1
DA:864,1
DA:865,1
DA:866,1
DA:867,1
DA:872,1
DA:873,1
DA:874,2
DA:875,4
DA:877,2
DA:879,1
DA:882,1
DA:883,1
DA:886,2
DA:887,2
DA:888,2
DA:889,4
DA:890,3
DA:891,2
DA:892,0
DA:893,0
DA:896,2
DA:897,3
DA:900,2
DA:901,1
DA:902,2
DA:905,1
DA:907,1
DA:908,2
DA:909,1
DA:910,1
DA:912,0
DA:913,0
DA:914,0
DA:915,0
DA:922,1
DA:923,2
DA:924,2
DA:925,2
DA:926,2
DA:929,1
DA:930,1
DA:933,1
DA:942,2
DA:943,2
DA:944,4
DA:946,2
DA:948,1
DA:949,2
DA:950,3
DA:952,2
DA:954,0
DA:955,0
DA:958,0
DA:961,4
DA:962,4
DA:966,1
DA:968,1
DA:971,2
DA:973,2
DA:975,1
DA:976,2
DA:979,6
DA:980,4
DA:982,1
DA:986,0
DA:990,2
DA:991,4
DA:992,4
DA:995,2
DA:996,4
DA:997,4
DA:1000,2
DA:1001,2
DA:1002,6
DA:1003,4
DA:1004,4
DA:1005,2
DA:1007,1
DA:1008,2
DA:1009,1
DA:1012,8
DA:1013,4
DA:1014,2
DA:1015,6
DA:1016,4
DA:1017,2
DA:1018,1
DA:1022,1
DA:1025,1
DA:1026,2
DA:1027,0
DA:1029,2
DA:1030,1
DA:1031,2
DA:1034,1
DA:1035,1
DA:1036,1
DA:1040,2
DA:1041,4
DA:1042,1
DA:1046,2
DA:1047,8
DA:1048,2
DA:1049,2
DA:1051,10
DA:1053,0
DA:1054,0
DA:1056,2
DA:1057,4
DA:1058,10
DA:1062,0
DA:1063,0
DA:1065,4
DA:1066,4
DA:1067,4
DA:1070,2
DA:1074,2
DA:1075,4
DA:1076,2
DA:1077,6
DA:1078,2
DA:1080,2
DA:1083,4
DA:1084,2
DA:1086,4
DA:1090,2
DA:1091,2
DA:1092,2
DA:1093,2
DA:1094,4
DA:1095,2
DA:1096,2
DA:1099,1
DA:1100,2
DA:1101,2
DA:1102,3
DA:1103,2
DA:1104,1
DA:1108,1
DA:1109,1
DA:1110,2
DA:1111,1
DA:1114,2
DA:1115,2
DA:1117,2
DA:1122,2
DA:1127,2
DA:1132,1
DA:1134,1
DA:1135,1
DA:1138,1
DA:1140,1
DA:1144,4
DA:1145,4
DA:1146,2
DA:1149,1
DA:1150,1
DA:1151,1
DA:1154,2
DA:1155,2
DA:1158,1
DA:1160,1
DA:1163,1
DA:1165,1
DA:1166,2
DA:1169,1
DA:1171,1
DA:1173,3
DA:1174,2
DA:1175,1
DA:1177,2
DA:1178,2
DA:1184,1
DA:1186,1
DA:1190,1
DA:1192,2
DA:1195,2
DA:1197,4
DA:1198,2
DA:1199,2
DA:1200,2
DA:1201,2
DA:1204,1
DA:1206,1
DA:1209,2
DA:1211,2
DA:1214,2
DA:1216,2
DA:1217,2
DA:1219,2
DA:1223,2
DA:1225,2
DA:1227,0
DA:1229,4
DA:1230,2
DA:1232,0
DA:1235,2
DA:1236,1
DA:1237,2
DA:1238,1
DA:1244,1
DA:1246,1
DA:1247,2
DA:1248,1
DA:1250,2
DA:1251,1
DA:1252,2
DA:1253,0
DA:1258,1
DA:1259,1
DA:1260,1
DA:1261,2
DA:1262,2
DA:1263,2
DA:1264,2
DA:1267,1
DA:1268,2
DA:1269,2
DA:1272,1
DA:1273,2
DA:1274,3
DA:1278,3
DA:1279,6
DA:1282,2
DA:1283,2
DA:1285,3
DA:1288,2
DA:1289,4
DA:1290,2
DA:1292,8
DA:1293,4
DA:1294,2
DA:1296,2
DA:1297,4
DA:1298,6
DA:1300,4
DA:1301,0
DA:1306,2
DA:1307,4
DA:1308,2
DA:1309,4
DA:1310,12
DA:1311,2
DA:1315,6
DA:1318,1
DA:1319,1
DA:1320,1
DA:1321,1
DA:1322,1
DA:1323,1
DA:1324,1
DA:1325,2
DA:1329,1
DA:1330,1
DA:1332,1
DA:1333,2
DA:1336,1
DA:1337,2
DA:1338,1
DA:1339,2
DA:1340,1
DA:1342,1
DA:1343,2
DA:1344,3
DA:1346,2
DA:1347,3
DA:1352,1
DA:1353,2
DA:1354,0
DA:1355,2
DA:1356,6
DA:1357,1
DA:1361,2
DA:1362,1
DA:1365,1
DA:1367,1
DA:1369,1
DA:1371,1
DA:1378,2
DA:1380,2
DA:1382,2
DA:1384,2
DA:1386,2
DA:1388,1
DA:1390,1
DA:1392,1
DA:1394,1
DA:1396,1
DA:1398,1
DA:1405,2
DA:1407,2
DA:1411,1
DA:1412,2
DA:1415,2
DA:1416,2
DA:1417,4
DA:1420,2
DA:1421,4
DA:1422,0
DA:1425,0
DA:1429,2
DA:1430,4
DA:1433,2
DA:1436,2
DA:1437,4
DA:1438,2
DA:1441,2
DA:1442,4
DA:1445,2
DA:1446,2
DA:1447,4
DA:1448,4
DA:1449,4
DA:1450,4
DA:1451,4
DA:1453,1
DA:1456,2
DA:1459,2
DA:1460,4
DA:1463,2
DA:1464,2
DA:1465,0
DA:1466,2
DA:1467,4
DA:1469,2
DA:1470,4
DA:1471,6
DA:1472,6
DA:1473,4
DA:1474,3
DA:1478,1
DA:1479,2
DA:1482,2
DA:1484,2
DA:1485,0
DA:1488,2
DA:1489,2
DA:1490,8
DA:1492,0
DA:1493,0
DA:1495,4
DA:1496,2
DA:1497,1
DA:1500,2
DA:1501,4
DA:1502,2
DA:1503,4
DA:1504,4
DA:1505,4
DA:1507,2
DA:1508,2
DA:1509,4
DA:1511,4
DA:1512,0
DA:1513,2
DA:1515,1
DA:1516,1
DA:1518,4
DA:1519,4
DA:1520,4
DA:1521,4
DA:1522,4
DA:1523,4
DA:1524,2
DA:1526,1
DA:1527,2
DA:1528,2
DA:1531,2
DA:1532,2
DA:1534,1
DA:1538,2
DA:1540,4
DA:1541,4
DA:1542,4
DA:1543,4
DA:1544,4
DA:1545,3
DA:1546,4
DA:1547,3
DA:1548,4
DA:1549,2
DA:1550,3
DA:1551,2
DA:1554,3
DA:1555,6
DA:1556,6
DA:1557,6
DA:1558,6
DA:1559,6
DA:1560,6
DA:1562,3
DA:1563,2
DA:1564,5
DA:1565,4
DA:1566,2
DA:1567,2
DA:1568,2
DA:1572,2
DA:1573,2
DA:1574,2
DA:1575,2
DA:1576,1
DA:1578,2
DA:1579,2
DA:1580,2
DA:1581,2
DA:1582,1
DA:1584,2
DA:1585,4
DA:1586,4
DA:1587,4
DA:1588,2
DA:1590,1
DA:1591,2
DA:1592,2
DA:1593,2
DA:1594,1
DA:1596,1
DA:1597,2
DA:1598,2
DA:1599,2
DA:1600,1
DA:1605,2
DA:1606,3
DA:1607,4
DA:1608,4
DA:1609,4
DA:1610,2
DA:1611,2
DA:1614,2
DA:1615,2
LF:871
LH:826
end_of_record
SF:lib/test_ota_view.dart
DA:10,1
DA:12,1
DA:13,1
DA:17,1
DA:19,1
DA:20,1
DA:23,1
DA:24,1
DA:25,2
DA:26,3
DA:27,3
DA:28,4
DA:29,3
DA:30,1
DA:35,1
DA:37,1
DA:38,2
DA:39,2
DA:40,2
DA:41,2
DA:46,2
DA:47,3
DA:48,1
DA:50,1
DA:51,1
DA:52,1
DA:53,1
DA:54,1
DA:56,1
DA:62,1
DA:64,1
DA:65,2
DA:72,2
DA:73,3
DA:74,1
DA:75,1
DA:76,1
DA:78,1
DA:79,4
DA:83,2
DA:84,3
DA:85,3
DA:86,1
DA:90,1
DA:91,1
DA:94,2
DA:96,3
DA:99,2
DA:100,3
DA:101,3
DA:102,3
DA:103,3
DA:104,2
DA:106,1
DA:107,1
DA:109,1
DA:111,1
DA:112,2
DA:113,2
DA:114,2
DA:116,2
DA:118,2
DA:123,2
DA:124,3
DA:125,1
DA:128,1
DA:129,2
DA:135,2
DA:136,3
DA:137,3
DA:138,3
DA:140,1
DA:141,1
DA:142,1
DA:145,1
DA:146,2
DA:152,1
DA:154,1
DA:155,3
DA:158,3
DA:159,3
DA:160,1
DA:161,1
DA:171,1
DA:173,2
DA:174,2
DA:176,1
DA:179,1
DA:180,1
DA:181,2
DA:183,1
DA:187,2
DA:190,1
DA:191,3
DA:192,1
DA:193,2
DA:194,1
DA:197,1
DA:200,1
DA:201,4
DA:202,1
DA:203,2
DA:206,1
DA:208,0
DA:209,0
DA:210,0
DA:211,0
DA:214,1
DA:218,1
DA:219,1
DA:220,1
DA:222,2
DA:223,1
DA:224,2
DA:225,3
DA:228,2
DA:231,1
DA:232,1
DA:235,2
DA:238,1
DA:239,1
DA:240,1
DA:242,1
DA:243,1
DA:244,1
LF:125
LH:121
end_of_record
