SF:lib/utils/gaia/rwcp/rwcp.dart
DA:30,3
DA:32,3
DA:34,3
DA:36,3
DA:38,1
DA:41,0
LF:6
LH:5
end_of_record
SF:lib/utils/gaia/rwcp/segment.dart
DA:51,2
DA:53,2
DA:54,2
DA:55,2
DA:56,4
DA:57,6
DA:62,1
DA:63,1
DA:64,1
DA:65,1
DA:66,1
DA:68,2
DA:69,1
DA:70,1
DA:71,1
DA:72,1
DA:74,1
DA:75,1
DA:77,1
DA:79,1
DA:81,1
DA:82,1
DA:83,1
DA:84,1
DA:85,1
DA:86,1
DA:100,2
DA:101,2
DA:102,4
DA:103,6
DA:104,6
DA:106,2
DA:107,6
DA:111,2
DA:126,1
DA:127,3
DA:128,2
DA:131,0
DA:133,0
DA:136,2
DA:137,2
DA:140,1
DA:141,1
DA:144,2
DA:145,2
DA:148,2
DA:149,2
LF:47
LH:45
end_of_record
SF:lib/utils/string_utils.dart
DA:8,1
DA:10,1
DA:13,2
DA:18,2
DA:20,6
DA:21,6
DA:22,2
DA:23,10
DA:24,8
DA:26,2
DA:29,1
DA:30,3
DA:31,1
DA:33,1
DA:34,3
DA:35,2
DA:36,2
DA:42,1
DA:43,2
DA:46,1
DA:47,1
DA:50,1
DA:51,2
DA:53,1
DA:54,6
DA:72,3
DA:74,6
DA:78,6
DA:81,4
DA:82,4
DA:83,1
DA:86,9
DA:87,12
DA:88,3
DA:94,1
DA:95,2
DA:96,1
DA:97,2
DA:100,4
DA:101,8
DA:102,4
DA:103,4
DA:106,3
DA:107,18
LF:44
LH:44
end_of_record
SF:lib/utils/gaia/rwcp/rwcp_client.dart
DA:65,4
DA:67,1
DA:68,2
DA:71,0
DA:72,0
DA:73,0
DA:76,0
DA:77,0
DA:78,0
DA:79,0
DA:80,0
DA:81,0
DA:88,0
DA:89,0
DA:91,0
DA:92,0
DA:96,0
DA:98,0
DA:99,0
DA:100,0
DA:104,0
DA:106,0
DA:110,0
DA:114,0
DA:115,0
DA:117,0
DA:122,0
DA:123,0
DA:124,0
DA:125,0
DA:126,0
DA:130,0
DA:133,0
DA:134,0
DA:135,0
DA:136,0
DA:137,0
DA:139,0
DA:140,0
DA:141,0
DA:143,0
DA:148,0
DA:149,0
DA:152,2
DA:153,4
DA:155,4
DA:156,0
DA:157,0
DA:163,6
DA:164,3
DA:168,1
DA:169,1
DA:170,1
DA:174,1
DA:175,1
DA:178,2
DA:179,4
DA:181,4
DA:182,1
DA:183,2
DA:189,2
DA:190,0
DA:194,2
DA:195,2
DA:196,2
DA:200,1
DA:201,3
DA:202,0
DA:203,0
DA:204,0
DA:209,0
DA:210,0
DA:211,0
DA:212,0
DA:215,0
DA:216,0
DA:217,0
DA:218,0
DA:219,0
DA:223,0
DA:225,0
DA:226,0
DA:227,0
DA:229,0
DA:230,0
DA:233,0
DA:235,0
DA:236,0
DA:237,0
DA:238,0
DA:240,0
DA:241,0
DA:243,0
DA:244,0
DA:248,0
DA:254,0
DA:255,0
DA:260,0
DA:262,0
DA:263,0
DA:264,0
DA:266,0
DA:267,0
DA:268,0
DA:269,0
DA:274,3
DA:275,3
DA:277,36
DA:278,6
DA:282,0
DA:283,0
DA:285,0
DA:286,0
DA:293,0
DA:297,0
DA:298,0
DA:303,1
DA:304,1
DA:305,1
DA:308,1
DA:309,2
DA:315,1
DA:316,1
DA:317,2
DA:318,1
DA:320,2
DA:321,3
DA:322,2
DA:323,1
DA:328,1
DA:329,1
DA:330,2
DA:331,1
DA:338,1
DA:339,1
DA:340,2
DA:343,1
DA:344,3
DA:345,0
DA:349,1
DA:350,1
DA:351,1
DA:352,1
DA:353,1
DA:354,1
DA:356,1
DA:357,2
DA:360,2
DA:362,2
DA:363,2
DA:364,1
DA:367,1
DA:370,0
DA:375,0
DA:376,0
DA:377,0
DA:378,0
DA:382,0
DA:383,0
DA:386,0
DA:387,0
DA:389,0
DA:391,0
DA:392,0
DA:393,0
DA:395,0
DA:397,0
DA:400,1
DA:401,2
DA:402,0
DA:403,0
DA:407,1
DA:408,2
DA:409,1
DA:414,4
DA:415,0
DA:416,0
DA:417,0
DA:418,0
DA:419,0
DA:421,0
DA:422,0
DA:428,3
DA:431,2
DA:432,2
DA:433,2
DA:434,2
DA:437,1
DA:439,1
DA:441,2
DA:442,1
DA:446,1
DA:447,2
DA:448,2
DA:449,1
DA:450,2
DA:451,2
DA:453,2
DA:454,2
DA:456,1
DA:457,2
DA:458,1
DA:460,1
DA:461,2
DA:465,2
DA:466,2
DA:467,3
DA:468,2
DA:470,1
DA:473,1
DA:474,3
DA:477,1
DA:478,4
DA:479,1
DA:482,2
DA:483,4
DA:484,2
DA:485,2
DA:486,4
DA:487,4
DA:488,2
DA:489,2
DA:490,2
DA:491,4
DA:492,2
DA:494,4
DA:496,2
DA:499,2
DA:500,2
DA:501,2
DA:502,1
DA:506,1
DA:507,1
DA:508,4
DA:511,1
DA:512,1
DA:514,1
DA:515,1
DA:516,1
DA:517,1
DA:518,1
DA:519,2
DA:520,0
DA:523,2
DA:524,2
DA:525,1
DA:526,2
DA:527,1
DA:531,0
DA:533,0
DA:534,0
DA:535,0
DA:542,0
DA:543,0
DA:548,1
DA:549,1
DA:551,1
DA:552,0
DA:556,1
DA:557,0
DA:558,0
DA:565,1
DA:566,1
DA:567,2
DA:569,1
DA:571,1
DA:576,1
DA:577,1
DA:578,1
DA:579,1
DA:580,1
DA:581,3
DA:582,2
DA:584,1
DA:586,0
DA:587,0
DA:595,2
DA:599,1
DA:604,1
DA:605,2
DA:606,2
DA:608,1
DA:609,5
DA:610,4
DA:611,1
DA:614,1
DA:615,1
DA:618,2
DA:619,1
DA:620,1
DA:623,2
DA:624,2
DA:625,2
DA:626,2
DA:627,2
DA:628,2
DA:629,0
DA:634,1
DA:636,2
DA:637,4
DA:643,2
DA:646,0
DA:647,0
DA:651,1
DA:652,2
DA:653,6
DA:654,1
DA:655,2
DA:656,2
DA:657,3
DA:661,1
DA:662,1
DA:663,4
DA:666,1
DA:667,1
DA:668,1
DA:669,1
DA:670,1
DA:671,1
DA:672,1
DA:673,4
DA:674,1
DA:675,4
DA:677,1
DA:678,1
DA:679,1
DA:681,0
DA:684,2
DA:686,2
DA:690,1
DA:692,1
DA:693,2
DA:694,2
DA:701,2
DA:702,4
DA:707,1
DA:708,1
DA:709,4
DA:712,1
DA:713,1
DA:714,3
DA:715,2
DA:716,3
DA:719,3
DA:722,1
DA:724,1
DA:725,1
DA:728,1
DA:729,1
DA:732,1
DA:734,0
DA:735,0
DA:736,0
DA:743,2
DA:744,4
DA:749,1
DA:750,5
DA:751,5
DA:752,0
DA:755,1
DA:756,2
DA:758,3
DA:763,1
DA:764,1
DA:765,1
LF:365
LH:232
end_of_record
SF:lib/utils/log.dart
DA:20,5
DA:22,1
DA:23,3
DA:26,1
DA:28,1
DA:30,1
DA:32,1
DA:34,1
DA:40,4
DA:43,8
DA:46,2
DA:49,8
LF:12
LH:12
end_of_record
SF:lib/utils/gaia/gaia_packet_ble.dart
DA:12,2
DA:13,4
DA:24,3
DA:26,3
DA:30,1
DA:34,1
DA:35,1
DA:36,3
DA:39,2
DA:46,1
DA:47,3
DA:53,1
DA:57,3
DA:58,1
DA:59,3
DA:62,2
DA:75,2
DA:76,2
DA:77,1
DA:79,8
DA:80,2
DA:84,1
DA:87,1
DA:88,1
DA:89,1
DA:90,1
DA:93,1
DA:116,6
DA:119,0
DA:121,2
DA:122,6
DA:123,2
DA:126,2
DA:128,2
DA:130,2
DA:131,2
DA:132,6
DA:135,2
DA:136,2
DA:140,2
DA:141,2
DA:142,6
DA:143,4
DA:145,2
DA:151,1
DA:152,1
LF:46
LH:45
end_of_record
SF:lib/controller/gaia_command_builder.dart
DA:28,1
DA:29,4
DA:33,1
DA:35,1
DA:42,2
DA:43,6
DA:44,6
DA:45,2
DA:49,3
DA:52,3
DA:55,2
DA:60,4
DA:64,4
DA:68,4
DA:72,4
DA:78,1
DA:79,1
DA:82,2
DA:86,2
DA:92,1
DA:94,1
DA:96,1
DA:98,1
DA:100,1
DA:102,1
DA:104,1
DA:106,1
DA:108,1
DA:116,2
DA:117,4
DA:120,4
DA:123,4
DA:126,4
DA:129,2
DA:132,2
DA:135,2
DA:139,1
DA:141,1
DA:143,1
DA:145,0
DA:147,0
DA:155,1
DA:157,1
DA:159,1
DA:167,1
DA:169,1
DA:171,1
LF:47
LH:45
end_of_record
SF:lib/utils/gaia/vmu_packet.dart
DA:18,3
DA:21,4
DA:30,6
DA:32,3
DA:33,3
DA:34,3
DA:36,3
DA:41,2
DA:42,2
DA:43,6
DA:44,2
DA:45,8
DA:46,6
DA:47,2
DA:48,1
DA:49,1
DA:51,2
DA:52,1
DA:53,1
DA:55,2
DA:56,6
DA:57,2
DA:62,2
DA:64,2
DA:65,4
DA:66,10
DA:67,6
LF:27
LH:27
end_of_record
SF:lib/controller/log_buffer.dart
DA:37,3
DA:45,3
DA:47,6
DA:49,3
DA:50,6
DA:51,3
DA:52,3
DA:53,6
DA:54,3
DA:58,4
DA:59,2
DA:60,1
DA:64,2
DA:65,2
DA:66,2
DA:67,4
DA:68,2
DA:72,1
DA:73,2
DA:74,2
DA:75,1
DA:76,1
DA:80,2
DA:81,4
DA:82,2
DA:86,3
DA:87,3
DA:88,3
DA:89,3
DA:93,3
DA:94,6
DA:95,5
DA:96,1
DA:101,3
DA:102,3
DA:105,3
DA:106,4
DA:107,9
DA:111,2
DA:112,2
DA:113,2
DA:114,4
DA:117,2
DA:118,4
DA:119,6
DA:121,8
DA:122,2
DA:123,6
DA:124,4
DA:127,3
DA:128,4
LF:51
LH:51
end_of_record
SF:lib/controller/ble_connection_manager.dart
DA:53,0
DA:55,0
DA:56,0
DA:58,0
DA:64,0
DA:71,0
DA:77,0
DA:85,0
DA:87,0
DA:90,0
DA:92,0
DA:95,0
DA:98,0
DA:101,0
DA:106,0
DA:109,0
DA:114,0
DA:118,0
DA:120,0
DA:200,3
DA:207,0
DA:212,0
DA:213,0
DA:220,1
DA:221,1
DA:222,5
DA:224,1
DA:225,1
DA:227,1
DA:228,1
DA:230,1
DA:231,1
DA:234,1
DA:241,0
DA:242,0
DA:243,0
DA:244,0
DA:249,0
DA:251,0
DA:252,0
DA:253,0
DA:254,0
DA:255,0
DA:256,0
DA:257,0
DA:260,0
DA:261,0
DA:264,0
DA:265,0
DA:269,0
DA:270,0
DA:271,0
DA:276,0
DA:277,0
DA:279,0
DA:282,0
DA:283,0
DA:285,0
DA:286,0
DA:287,0
DA:288,0
DA:289,0
DA:291,0
DA:294,0
DA:295,0
DA:299,0
DA:305,0
DA:306,0
DA:307,0
DA:315,1
DA:321,2
DA:322,1
DA:323,1
DA:324,1
DA:325,1
DA:326,1
DA:327,1
DA:328,1
DA:329,1
DA:330,1
DA:331,1
DA:333,2
DA:334,2
DA:335,1
DA:337,2
DA:338,2
DA:341,1
DA:342,1
DA:343,1
DA:344,1
DA:345,1
DA:346,3
DA:347,2
DA:348,1
DA:349,1
DA:350,1
DA:351,1
DA:352,2
DA:353,1
DA:354,1
DA:355,0
DA:357,1
DA:360,0
DA:361,0
DA:362,0
DA:364,0
DA:365,0
DA:366,0
DA:367,0
DA:368,0
DA:373,0
DA:378,0
DA:379,0
DA:380,0
DA:383,0
DA:384,0
DA:385,0
DA:388,0
DA:394,2
DA:395,2
DA:397,1
DA:402,1
DA:404,2
DA:405,0
DA:406,0
DA:409,0
DA:410,0
DA:411,0
DA:412,0
DA:413,0
DA:419,2
DA:425,0
DA:426,0
DA:427,0
DA:435,1
DA:436,1
DA:437,2
DA:438,0
DA:441,2
DA:442,1
DA:445,1
DA:446,1
DA:447,1
DA:448,1
DA:450,1
DA:451,4
DA:452,1
DA:453,0
DA:454,0
DA:458,0
DA:464,1
DA:465,1
DA:466,2
DA:467,0
DA:470,2
DA:471,1
DA:474,1
DA:475,1
DA:476,1
DA:477,1
DA:479,1
DA:480,4
DA:481,1
DA:482,0
DA:483,0
DA:487,0
DA:493,0
DA:494,0
DA:495,0
DA:499,1
DA:500,1
DA:501,1
DA:502,1
DA:503,1
DA:504,2
DA:508,1
DA:509,1
DA:510,1
DA:511,1
DA:512,1
DA:513,2
DA:517,1
DA:518,3
DA:522,1
DA:523,1
DA:524,1
DA:525,1
DA:526,1
DA:527,1
DA:528,1
DA:529,1
DA:530,1
DA:534,2
DA:535,3
DA:536,2
DA:537,3
DA:538,3
DA:539,3
DA:540,2
DA:544,1
DA:545,2
LF:201
LH:105
end_of_record
SF:lib/utils/ble_constants.dart
DA:4,6
DA:5,3
DA:6,6
DA:7,3
DA:8,6
DA:9,3
DA:10,6
DA:11,3
DA:13,0
LF:9
LH:8
end_of_record
SF:lib/controller/ota_server.dart
DA:186,2
DA:195,0
DA:196,0
DA:197,0
DA:200,0
DA:202,2
DA:204,2
DA:206,6
DA:207,4
DA:208,4
DA:209,0
DA:210,0
DA:211,0
DA:212,0
DA:213,0
DA:216,0
DA:219,6
DA:220,2
DA:221,4
DA:222,4
DA:223,2
DA:224,4
DA:225,6
DA:226,0
DA:227,0
DA:228,0
DA:229,0
DA:231,0
DA:232,0
DA:233,0
DA:234,0
DA:235,0
DA:236,0
DA:241,2
DA:243,8
DA:245,0
DA:249,0
DA:250,0
DA:251,0
DA:252,0
DA:255,0
DA:256,0
DA:259,0
DA:260,0
DA:263,1
DA:264,2
DA:265,1
DA:268,1
DA:270,2
DA:271,2
DA:272,1
DA:273,2
DA:274,2
DA:275,2
DA:276,2
DA:277,1
DA:278,3
DA:279,2
DA:281,0
DA:282,0
DA:283,0
DA:284,0
DA:285,0
DA:286,0
DA:287,0
DA:289,0
DA:290,0
DA:291,0
DA:292,0
DA:293,0
DA:294,0
DA:295,0
DA:298,0
DA:299,0
DA:300,0
DA:301,0
DA:302,0
DA:303,0
DA:304,0
DA:305,0
DA:306,0
DA:307,0
DA:310,0
DA:311,0
DA:312,0
DA:313,0
DA:314,0
DA:315,0
DA:316,0
DA:320,0
DA:321,0
DA:322,0
DA:323,0
DA:324,0
DA:325,0
DA:329,1
DA:330,2
DA:331,1
DA:332,1
DA:336,1
DA:338,1
DA:339,1
DA:342,0
DA:343,0
DA:347,3
DA:348,3
DA:349,3
DA:350,0
DA:351,0
DA:352,0
DA:353,0
DA:354,0
DA:356,0
DA:357,0
DA:358,0
DA:360,0
DA:361,0
DA:362,0
DA:363,0
DA:366,1
DA:367,2
DA:370,2
DA:371,2
DA:372,2
DA:374,0
DA:376,2
DA:377,2
DA:378,1
DA:381,1
DA:382,4
DA:383,2
DA:384,2
DA:385,1
DA:386,1
DA:387,1
DA:391,0
DA:392,0
DA:397,1
DA:398,2
DA:399,0
DA:400,0
DA:403,1
DA:404,2
DA:405,0
DA:409,0
DA:410,0
DA:411,0
DA:414,0
DA:416,0
DA:418,0
DA:419,0
DA:423,0
DA:424,0
DA:425,0
DA:428,0
DA:429,0
DA:430,0
DA:431,0
DA:432,0
DA:433,0
DA:434,0
DA:435,0
DA:436,0
DA:438,0
DA:439,0
DA:440,0
DA:441,0
DA:442,0
DA:443,0
DA:444,0
DA:445,0
DA:446,0
DA:447,0
DA:448,0
DA:449,0
DA:451,0
DA:454,0
DA:455,0
DA:456,0
DA:459,0
DA:460,0
DA:461,0
DA:463,0
DA:464,0
DA:465,0
DA:466,0
DA:467,0
DA:470,0
DA:471,0
DA:472,0
DA:473,0
DA:474,0
DA:475,0
DA:481,0
DA:482,0
DA:483,0
DA:485,0
DA:488,0
DA:489,0
DA:492,0
DA:495,0
DA:496,0
DA:497,0
DA:498,0
DA:499,0
DA:500,0
DA:502,0
DA:503,0
DA:504,0
DA:505,0
DA:508,0
DA:509,0
DA:510,0
DA:511,0
DA:513,0
DA:517,0
DA:518,0
DA:519,0
DA:520,0
DA:521,0
DA:525,0
DA:526,0
DA:527,0
DA:530,0
DA:531,0
DA:532,0
DA:538,0
DA:539,0
DA:540,0
DA:541,0
DA:546,0
DA:547,0
DA:548,0
DA:549,0
DA:550,0
DA:551,0
DA:552,0
DA:554,0
DA:555,0
DA:556,0
DA:557,0
DA:561,0
DA:562,0
DA:563,0
DA:564,0
DA:565,0
DA:569,0
DA:570,0
DA:571,0
DA:572,0
DA:573,0
DA:574,0
DA:580,0
DA:581,0
DA:582,0
DA:583,0
DA:584,0
DA:589,0
DA:590,0
DA:593,0
DA:594,0
DA:595,0
DA:597,0
DA:598,0
DA:601,0
DA:602,0
DA:603,0
DA:604,0
DA:605,0
DA:607,0
DA:613,0
DA:614,0
DA:615,0
DA:616,0
DA:617,0
DA:620,0
DA:622,0
DA:623,0
DA:624,0
DA:625,0
DA:626,0
DA:627,0
DA:628,0
DA:629,0
DA:630,0
DA:632,0
DA:634,0
DA:635,0
DA:636,0
DA:637,0
DA:638,0
DA:639,0
DA:641,0
DA:642,0
DA:643,0
DA:644,0
DA:648,0
DA:649,0
DA:650,0
DA:651,0
DA:652,0
DA:654,0
DA:655,0
DA:656,0
DA:657,0
DA:660,0
DA:661,0
DA:662,0
DA:665,0
DA:666,0
DA:667,0
DA:671,0
DA:674,0
DA:676,0
DA:679,0
DA:680,0
DA:681,0
DA:682,0
DA:685,0
DA:686,0
DA:687,0
DA:688,0
DA:689,0
DA:690,0
DA:691,0
DA:692,0
DA:695,0
DA:696,0
DA:697,0
DA:698,0
DA:701,0
DA:702,0
DA:703,0
DA:704,0
DA:705,0
DA:706,0
DA:708,0
DA:709,0
DA:710,0
DA:711,0
DA:712,0
DA:713,0
DA:716,0
DA:717,0
DA:720,0
DA:721,0
DA:722,0
DA:725,0
DA:726,0
DA:727,0
DA:728,0
DA:729,0
DA:730,0
DA:731,0
DA:732,0
DA:735,0
DA:736,0
DA:739,0
DA:740,0
DA:741,0
DA:742,0
DA:743,0
DA:744,0
DA:746,0
DA:749,0
DA:750,0
DA:751,0
DA:752,0
DA:755,0
DA:756,0
DA:757,0
DA:760,0
DA:761,0
DA:762,0
DA:763,0
DA:764,0
DA:765,0
DA:766,0
DA:767,0
DA:770,0
DA:771,0
DA:775,0
DA:776,0
DA:777,0
DA:778,0
DA:779,0
DA:782,0
DA:783,0
DA:784,0
DA:787,0
DA:788,0
DA:789,0
DA:790,0
DA:791,0
DA:794,0
DA:795,0
DA:796,0
DA:797,0
DA:798,0
DA:799,0
DA:801,0
DA:806,0
DA:807,0
DA:808,0
DA:810,0
DA:815,0
DA:816,0
DA:819,0
DA:820,0
DA:821,0
DA:824,0
DA:825,0
DA:826,0
DA:827,0
DA:828,0
DA:829,0
DA:830,0
DA:831,0
DA:832,0
DA:833,0
DA:834,0
DA:837,0
DA:841,0
DA:842,0
DA:845,0
DA:846,0
DA:847,0
DA:848,0
DA:849,0
DA:850,0
DA:851,0
DA:852,0
DA:853,0
DA:854,0
DA:857,0
DA:858,0
DA:859,0
DA:860,0
DA:861,0
DA:862,0
DA:863,0
DA:864,0
DA:865,0
DA:870,0
DA:871,0
DA:872,0
DA:873,0
DA:875,0
DA:877,0
DA:880,0
DA:881,0
DA:884,1
DA:885,1
DA:886,1
DA:887,2
DA:888,1
DA:889,0
DA:890,0
DA:891,0
DA:894,0
DA:895,0
DA:898,0
DA:899,0
DA:900,0
DA:903,0
DA:905,0
DA:906,0
DA:907,0
DA:908,0
DA:910,0
DA:911,0
DA:912,0
DA:913,0
DA:920,0
DA:921,0
DA:922,0
DA:923,0
DA:924,0
DA:927,0
DA:928,0
DA:931,0
DA:940,1
DA:941,1
DA:942,2
DA:944,0
DA:946,0
DA:947,0
DA:948,0
DA:950,0
DA:952,0
DA:953,0
DA:956,0
DA:959,2
DA:960,2
DA:964,0
DA:966,0
DA:969,1
DA:971,1
DA:973,0
DA:974,0
DA:977,2
DA:978,2
DA:980,0
DA:984,0
DA:988,1
DA:989,2
DA:990,2
DA:993,1
DA:994,2
DA:995,2
DA:998,1
DA:999,1
DA:1000,3
DA:1001,2
DA:1002,2
DA:1003,1
DA:1005,0
DA:1006,0
DA:1007,0
DA:1010,4
DA:1011,2
DA:1012,1
DA:1013,3
DA:1014,2
DA:1015,0
DA:1016,0
DA:1020,1
DA:1023,0
DA:1024,0
DA:1025,0
DA:1027,0
DA:1028,0
DA:1029,0
DA:1032,0
DA:1033,0
DA:1034,0
DA:1038,1
DA:1039,2
DA:1040,0
DA:1044,1
DA:1045,4
DA:1046,1
DA:1047,0
DA:1049,5
DA:1051,0
DA:1052,0
DA:1054,1
DA:1055,2
DA:1056,5
DA:1060,0
DA:1061,0
DA:1063,2
DA:1064,2
DA:1065,2
DA:1068,1
DA:1072,1
DA:1073,2
DA:1074,1
DA:1075,3
DA:1076,1
DA:1078,1
DA:1081,2
DA:1082,0
DA:1084,2
DA:1088,1
DA:1089,1
DA:1090,1
DA:1091,1
DA:1092,2
DA:1093,1
DA:1094,1
DA:1097,0
DA:1098,0
DA:1099,0
DA:1100,0
DA:1101,0
DA:1102,0
DA:1106,0
DA:1107,0
DA:1108,0
DA:1109,0
DA:1112,1
DA:1113,1
DA:1115,1
DA:1120,1
DA:1125,1
DA:1130,0
DA:1132,0
DA:1133,0
DA:1136,0
DA:1138,0
DA:1142,2
DA:1143,2
DA:1144,1
DA:1147,0
DA:1148,0
DA:1149,0
DA:1152,1
DA:1153,1
DA:1156,0
DA:1158,0
DA:1161,0
DA:1163,0
DA:1164,0
DA:1167,0
DA:1169,0
DA:1171,0
DA:1172,0
DA:1173,0
DA:1175,0
DA:1176,0
DA:1182,0
DA:1184,0
DA:1188,0
DA:1190,0
DA:1193,1
DA:1195,2
DA:1196,1
DA:1197,1
DA:1198,1
DA:1199,1
DA:1202,0
DA:1204,0
DA:1207,1
DA:1209,1
DA:1212,1
DA:1214,1
DA:1215,1
DA:1217,1
DA:1221,1
DA:1223,1
DA:1225,0
DA:1227,2
DA:1228,1
DA:1230,0
DA:1233,0
DA:1234,0
DA:1235,0
DA:1236,0
DA:1242,0
DA:1244,0
DA:1245,0
DA:1246,0
DA:1248,0
DA:1249,0
DA:1250,0
DA:1251,0
DA:1256,0
DA:1257,0
DA:1258,0
DA:1259,0
DA:1260,0
DA:1261,0
DA:1262,0
DA:1265,0
DA:1266,0
DA:1267,0
DA:1270,0
DA:1271,0
DA:1272,0
DA:1276,2
DA:1277,4
DA:1280,1
DA:1281,1
DA:1283,0
DA:1286,1
DA:1287,2
DA:1288,1
DA:1290,4
DA:1291,2
DA:1292,1
DA:1294,1
DA:1295,2
DA:1296,3
DA:1298,2
DA:1299,0
DA:1304,1
DA:1305,2
DA:1306,1
DA:1307,2
DA:1308,6
DA:1309,1
DA:1313,3
DA:1316,0
DA:1317,0
DA:1318,0
DA:1319,0
DA:1320,0
DA:1321,0
DA:1322,0
DA:1323,0
DA:1327,0
DA:1328,0
DA:1330,0
DA:1331,0
DA:1334,0
DA:1335,0
DA:1336,0
DA:1337,0
DA:1338,0
DA:1340,0
DA:1341,0
DA:1342,0
DA:1344,0
DA:1345,0
DA:1350,0
DA:1351,0
DA:1352,0
DA:1353,0
DA:1354,0
DA:1355,0
DA:1359,0
DA:1360,0
DA:1363,0
DA:1365,0
DA:1367,0
DA:1369,0
DA:1376,1
DA:1378,1
DA:1380,1
DA:1382,1
DA:1384,1
DA:1386,0
DA:1388,0
DA:1390,0
DA:1392,0
DA:1394,0
DA:1396,0
DA:1403,1
DA:1405,1
DA:1409,0
DA:1410,0
DA:1413,1
DA:1414,1
DA:1415,2
DA:1418,1
DA:1419,2
DA:1420,0
DA:1423,0
DA:1427,1
DA:1428,2
DA:1431,1
DA:1434,1
DA:1435,2
DA:1436,1
DA:1439,0
DA:1440,0
DA:1443,0
DA:1444,0
DA:1445,0
DA:1446,0
DA:1447,0
DA:1448,0
DA:1449,0
DA:1451,0
DA:1454,0
DA:1457,0
DA:1458,0
DA:1461,0
DA:1462,0
DA:1463,0
DA:1464,0
DA:1465,0
DA:1467,0
DA:1468,0
DA:1469,0
DA:1470,0
DA:1471,0
DA:1472,0
DA:1476,0
DA:1477,0
DA:1480,0
DA:1482,0
DA:1483,0
DA:1486,0
DA:1487,0
DA:1488,0
DA:1490,0
DA:1491,0
DA:1493,0
DA:1494,0
DA:1495,0
DA:1498,0
DA:1499,0
DA:1500,0
DA:1501,0
DA:1502,0
DA:1503,0
DA:1505,0
DA:1506,0
DA:1507,0
DA:1509,0
DA:1510,0
DA:1511,0
DA:1513,0
DA:1514,0
DA:1516,0
DA:1517,0
DA:1518,0
DA:1519,0
DA:1520,0
DA:1521,0
DA:1522,0
DA:1524,0
DA:1525,0
DA:1526,0
DA:1529,0
DA:1530,0
DA:1532,0
DA:1536,1
DA:1538,2
DA:1539,2
DA:1540,2
DA:1541,2
DA:1542,1
DA:1543,1
DA:1544,2
DA:1545,1
DA:1546,2
DA:1547,1
DA:1548,2
DA:1549,1
DA:1552,2
DA:1553,4
DA:1554,4
DA:1555,4
DA:1556,4
DA:1557,4
DA:1558,4
DA:1560,2
DA:1561,2
DA:1562,5
DA:1563,4
DA:1564,2
DA:1565,2
DA:1566,2
DA:1570,1
DA:1571,0
DA:1572,0
DA:1573,0
DA:1574,0
DA:1576,1
DA:1577,0
DA:1578,0
DA:1579,0
DA:1580,0
DA:1582,1
DA:1583,2
DA:1584,2
DA:1585,2
DA:1586,1
DA:1588,0
DA:1589,0
DA:1590,0
DA:1591,0
DA:1592,0
DA:1594,0
DA:1595,0
DA:1596,0
DA:1597,0
DA:1598,0
DA:1603,1
DA:1604,2
DA:1605,2
DA:1606,2
DA:1607,2
DA:1608,2
DA:1609,2
DA:1612,0
DA:1613,0
LF:870
LH:224
end_of_record
SF:lib/test_ota_view.dart
DA:10,2
DA:12,0
DA:13,0
DA:17,0
DA:19,0
DA:20,0
DA:23,0
DA:24,0
DA:25,0
DA:26,0
DA:27,0
DA:28,0
DA:29,0
DA:30,0
DA:35,0
DA:37,0
DA:38,0
DA:39,0
DA:40,0
DA:41,0
DA:46,0
DA:47,0
DA:48,0
DA:50,0
DA:51,0
DA:52,0
DA:53,0
DA:54,0
DA:56,0
DA:62,0
DA:64,0
DA:65,0
DA:72,0
DA:73,0
DA:74,0
DA:75,0
DA:76,0
DA:78,0
DA:79,0
DA:83,0
DA:84,0
DA:85,0
DA:86,0
DA:90,0
DA:91,0
DA:94,0
DA:96,0
DA:99,0
DA:100,0
DA:101,0
DA:102,0
DA:103,0
DA:104,0
DA:106,0
DA:107,0
DA:109,0
DA:111,0
DA:112,0
DA:113,0
DA:114,0
DA:116,0
DA:118,0
DA:123,0
DA:124,0
DA:125,0
DA:128,0
DA:129,0
DA:135,0
DA:136,0
DA:137,0
DA:138,0
DA:140,0
DA:141,0
DA:142,0
DA:145,0
DA:146,0
DA:152,0
DA:154,0
DA:155,0
DA:158,0
DA:159,0
DA:160,0
DA:161,0
DA:171,0
DA:173,0
DA:174,0
DA:177,0
DA:178,0
DA:179,0
DA:181,0
DA:185,0
DA:188,0
DA:189,0
DA:190,0
DA:191,0
DA:192,0
DA:195,0
DA:198,0
DA:199,0
DA:200,0
DA:201,0
DA:204,0
DA:206,0
DA:207,0
DA:208,0
DA:209,0
DA:212,0
DA:216,0
DA:217,0
DA:218,0
DA:220,0
DA:221,0
DA:222,0
DA:223,0
DA:226,0
DA:229,0
DA:230,0
DA:233,0
DA:236,0
DA:237,0
DA:238,0
DA:240,0
DA:241,0
DA:242,0
LF:124
LH:1
end_of_record
SF:lib/controller/upgrade_state_machine.dart
DA:66,0
DA:72,0
DA:73,0
DA:76,0
DA:77,0
DA:110,3
DA:113,1
DA:114,1
DA:115,2
DA:116,1
DA:117,1
DA:118,1
DA:119,1
DA:123,1
DA:124,1
DA:125,1
DA:126,1
DA:127,1
DA:132,2
DA:137,2
DA:138,2
DA:139,1
DA:141,2
DA:142,1
DA:144,2
DA:145,1
DA:147,2
DA:148,1
DA:150,2
DA:151,0
DA:153,2
DA:154,1
DA:156,2
DA:157,2
DA:159,1
DA:160,1
DA:162,1
DA:163,1
DA:169,1
DA:170,1
DA:171,2
DA:172,1
DA:173,3
DA:174,1
DA:175,0
DA:177,1
DA:180,0
DA:181,0
DA:183,0
DA:185,1
DA:187,1
DA:188,2
DA:192,1
DA:193,1
DA:194,1
DA:195,0
DA:196,0
DA:200,1
DA:201,1
DA:202,1
DA:203,1
DA:207,1
DA:208,2
DA:209,4
DA:210,2
DA:212,1
DA:213,0
DA:214,0
DA:215,0
DA:219,0
DA:220,0
DA:225,0
DA:226,0
DA:227,0
DA:231,1
DA:232,1
DA:233,1
DA:234,0
DA:236,1
DA:237,0
DA:239,1
DA:240,0
DA:242,1
DA:243,0
DA:245,0
DA:246,0
DA:250,1
DA:251,1
DA:252,1
DA:253,2
DA:259,1
DA:260,1
DA:261,2
DA:262,0
DA:263,0
DA:268,5
DA:269,5
DA:270,2
DA:271,2
DA:273,3
DA:274,2
DA:278,1
DA:279,2
DA:280,1
DA:284,0
DA:285,0
DA:286,0
DA:287,0
DA:288,0
DA:294,0
DA:295,0
DA:297,0
DA:298,0
DA:299,0
DA:301,0
DA:302,0
DA:303,0
DA:304,0
DA:305,0
DA:306,0
DA:307,0
DA:309,0
DA:310,0
DA:315,1
DA:316,2
DA:317,1
DA:318,2
DA:319,1
DA:320,4
DA:321,2
DA:325,1
DA:326,2
DA:330,0
DA:331,0
DA:335,2
DA:336,4
DA:337,2
DA:338,2
DA:339,4
DA:343,1
DA:344,2
DA:345,1
DA:346,1
DA:347,2
DA:351,1
DA:352,1
DA:353,2
DA:354,2
DA:358,0
DA:359,0
DA:360,0
DA:364,1
DA:365,1
DA:366,2
DA:367,1
DA:368,1
DA:369,1
DA:371,1
DA:372,2
DA:374,0
DA:375,0
DA:376,0
DA:381,2
DA:382,2
DA:386,1
DA:387,5
DA:391,1
DA:395,0
DA:396,0
DA:399,2
DA:400,5
LF:171
LH:114
end_of_record
